2025-01-04 19:13:21,381 [main] INFO com.orangehrm.testcases.Login - INFO: Settiing up driver properties....
2025-01-04 19:13:21,383 [main] WARN com.orangehrm.testcases.Login - WARN: Settiing up driver properties....
2025-01-04 19:13:21,384 [main] ERROR com.orangehrm.testcases.Login - ERROR: Settiing up driver properties....
2025-01-04 19:17:01,340 [main] INFO com.orangehrm.testcases.Login - INFO: Settiing up driver properties....
2025-01-04 19:17:01,343 [main] WARN com.orangehrm.testcases.Login - WARN: Settiing up driver properties....
2025-01-04 19:17:01,343 [main] ERROR com.orangehrm.testcases.Login - ERROR: Settiing up driver properties....
2025-01-04 19:50:34,660 [main] INFO com.orangehrm.testcases.Login - INFO: Settiing up driver properties....
2025-01-04 19:50:34,665 [main] WARN com.orangehrm.testcases.Login - WARN: Settiing up driver properties....
2025-01-04 19:50:34,665 [main] ERROR com.orangehrm.testcases.Login - ERROR: Settiing up driver properties....
2025-01-05 12:37:50,022 [main] INFO com.orangehrm.testcases.Login - INFO: Settiing up driver properties....
2025-01-05 12:37:56,841 [main] INFO com.orangehrm.testcases.Login - INFO: Driver is closing.....
2025-01-05 12:37:57,682 [main] INFO com.orangehrm.testcases.Login - INFO: Settiing up driver properties....
2025-01-05 12:38:01,955 [main] INFO com.orangehrm.testcases.Login - INFO: Driver is closing.....
2025-01-05 12:38:02,298 [main] INFO com.orangehrm.testcases.Login - INFO: Settiing up driver properties....
2025-01-05 12:38:06,313 [main] INFO com.orangehrm.testcases.Login - INFO: Driver is closing.....
2025-01-05 12:38:06,676 [main] INFO com.orangehrm.testcases.Login - INFO: Settiing up driver properties....
2025-01-05 12:38:10,348 [main] INFO com.orangehrm.testcases.Login - INFO: Driver is closing.....
2025-01-05 12:51:09,673 [main] INFO com.orangehrm.testcases.Login - INFO: Settiing up driver properties....
2025-01-05 12:51:16,545 [main] INFO com.orangehrm.testcases.Login - INFO: Driver is closing.....
2025-01-05 12:51:17,313 [main] INFO com.orangehrm.testcases.Login - INFO: Settiing up driver properties....
2025-01-05 12:51:21,334 [main] INFO com.orangehrm.testcases.Login - INFO: Driver is closing.....
2025-01-05 12:51:21,685 [main] INFO com.orangehrm.testcases.Login - INFO: Settiing up driver properties....
2025-01-05 12:51:25,551 [main] INFO com.orangehrm.testcases.Login - INFO: Driver is closing.....
2025-01-05 12:51:25,945 [main] INFO com.orangehrm.testcases.Login - INFO: Settiing up driver properties....
2025-01-05 12:51:29,554 [main] INFO com.orangehrm.testcases.Login - INFO: Driver is closing.....
2025-01-05 14:13:39,787 [main] INFO com.orangehrm.testcases.Login - INFO: Settiing up driver properties....
2025-01-05 14:13:44,630 [main] INFO com.orangehrm.testcases.Login - Using Dataprovider
2025-01-05 14:13:44,641 [main] INFO com.orangehrm.testcases.Login - INFO: Driver is closing.....
2025-01-05 14:13:45,059 [main] INFO com.orangehrm.testcases.Login - INFO: Settiing up driver properties....
2025-01-05 14:13:50,002 [main] INFO com.orangehrm.testcases.Login - Using Dataprovider
2025-01-05 14:13:50,005 [main] INFO com.orangehrm.testcases.Login - INFO: Driver is closing.....
2025-01-05 14:13:50,371 [main] INFO com.orangehrm.testcases.Login - INFO: Settiing up driver properties....
2025-01-05 14:13:54,129 [main] INFO com.orangehrm.testcases.Login - Using Dataprovider
2025-01-05 14:13:54,137 [main] INFO com.orangehrm.testcases.Login - INFO: Driver is closing.....
2025-01-05 14:15:33,004 [main] INFO com.orangehrm.testcases.Login - INFO: Settiing up driver properties....
2025-01-05 14:15:37,589 [main] INFO com.orangehrm.testcases.Login - Using Dataprovider
2025-01-05 14:15:37,598 [main] INFO com.orangehrm.testcases.Login - INFO: Driver is closing.....
2025-01-05 14:15:37,952 [main] INFO com.orangehrm.testcases.Login - INFO: Settiing up driver properties....
2025-01-05 14:15:43,189 [main] INFO com.orangehrm.testcases.Login - Using Dataprovider
2025-01-05 14:15:43,202 [main] INFO com.orangehrm.testcases.Login - INFO: Driver is closing.....
2025-01-05 14:15:43,637 [main] INFO com.orangehrm.testcases.Login - INFO: Settiing up driver properties....
2025-01-05 14:15:47,556 [main] INFO com.orangehrm.testcases.Login - Using Dataprovider
2025-01-05 14:15:47,569 [main] INFO com.orangehrm.testcases.Login - INFO: Driver is closing.....
2025-01-05 14:17:39,618 [main] INFO com.orangehrm.testcases.Login - INFO: Settiing up driver properties....
2025-01-05 14:17:46,192 [main] INFO com.orangehrm.testcases.Login - INFO: Driver is closing.....
2025-01-05 14:17:46,944 [main] INFO com.orangehrm.testcases.Login - INFO: Settiing up driver properties....
2025-01-05 14:17:50,782 [main] INFO com.orangehrm.testcases.Login - Using Dataprovider
2025-01-05 14:17:50,795 [main] INFO com.orangehrm.testcases.Login - INFO: Driver is closing.....
2025-01-05 14:17:51,143 [main] INFO com.orangehrm.testcases.Login - INFO: Settiing up driver properties....
2025-01-05 14:17:54,974 [main] INFO com.orangehrm.testcases.Login - Using Dataprovider
2025-01-05 14:17:54,980 [main] INFO com.orangehrm.testcases.Login - INFO: Driver is closing.....
2025-01-05 14:17:55,337 [main] INFO com.orangehrm.testcases.Login - INFO: Settiing up driver properties....
2025-01-05 14:17:59,271 [main] INFO com.orangehrm.testcases.Login - Using Dataprovider
2025-01-05 14:17:59,284 [main] INFO com.orangehrm.testcases.Login - INFO: Driver is closing.....
2025-01-05 14:17:59,613 [main] INFO com.orangehrm.testcases.Login - INFO: Settiing up driver properties....
2025-01-05 14:18:03,448 [main] INFO com.orangehrm.testcases.Login - INFO: Driver is closing.....
2025-01-05 14:18:03,831 [main] INFO com.orangehrm.testcases.Login - INFO: Settiing up driver properties....
2025-01-05 14:18:07,765 [main] INFO com.orangehrm.testcases.Login - INFO: Driver is closing.....
2025-01-05 14:18:08,097 [main] INFO com.orangehrm.testcases.Login - INFO: Settiing up driver properties....
2025-01-05 14:18:11,900 [main] INFO com.orangehrm.testcases.Login - INFO: Driver is closing.....
2025-01-05 14:19:38,723 [main] INFO com.orangehrm.testcases.Login - INFO: Settiing up driver properties....
2025-01-05 14:19:45,745 [main] INFO com.orangehrm.testcases.Login - INFO: Driver is closing.....
2025-01-05 14:19:46,474 [main] INFO com.orangehrm.testcases.Login - INFO: Settiing up driver properties....
2025-01-05 14:19:50,765 [main] INFO com.orangehrm.testcases.Login - Using Dataprovider
2025-01-05 14:19:52,734 [main] INFO com.orangehrm.testcases.Login - INFO: Driver is closing.....
2025-01-05 14:19:53,098 [main] INFO com.orangehrm.testcases.Login - INFO: Settiing up driver properties....
2025-01-05 14:19:58,354 [main] INFO com.orangehrm.testcases.Login - Using Dataprovider
2025-01-05 14:20:00,603 [main] INFO com.orangehrm.testcases.Login - INFO: Driver is closing.....
2025-01-05 14:20:00,928 [main] INFO com.orangehrm.testcases.Login - INFO: Settiing up driver properties....
2025-01-05 14:20:04,997 [main] INFO com.orangehrm.testcases.Login - Using Dataprovider
2025-01-05 14:20:07,055 [main] INFO com.orangehrm.testcases.Login - INFO: Driver is closing.....
2025-01-05 14:20:07,408 [main] INFO com.orangehrm.testcases.Login - INFO: Settiing up driver properties....
2025-01-05 14:20:12,895 [main] INFO com.orangehrm.testcases.Login - INFO: Driver is closing.....
2025-01-05 14:20:13,232 [main] INFO com.orangehrm.testcases.Login - INFO: Settiing up driver properties....
2025-01-05 14:20:18,994 [main] INFO com.orangehrm.testcases.Login - INFO: Driver is closing.....
2025-01-05 14:20:19,325 [main] INFO com.orangehrm.testcases.Login - INFO: Settiing up driver properties....
2025-01-05 14:20:23,553 [main] INFO com.orangehrm.testcases.Login - INFO: Driver is closing.....
2025-01-05 14:22:45,230 [main] INFO com.orangehrm.testcases.Login - INFO: Settiing up driver properties....
2025-01-05 14:22:52,056 [main] INFO com.orangehrm.testcases.Login - INFO: Driver is closing.....
2025-01-05 14:22:52,899 [main] INFO com.orangehrm.testcases.Login - INFO: Settiing up driver properties....
2025-01-05 14:22:56,723 [main] INFO com.orangehrm.testcases.Login - Using Dataprovider
2025-01-05 14:22:58,633 [main] INFO com.orangehrm.testcases.Login - INFO: Driver is closing.....
2025-01-05 14:22:58,976 [main] INFO com.orangehrm.testcases.Login - INFO: Settiing up driver properties....
2025-01-05 14:23:02,898 [main] INFO com.orangehrm.testcases.Login - Using Dataprovider
2025-01-05 14:23:05,727 [main] INFO com.orangehrm.testcases.Login - INFO: Driver is closing.....
2025-01-05 14:23:06,077 [main] INFO com.orangehrm.testcases.Login - INFO: Settiing up driver properties....
2025-01-05 14:23:10,214 [main] INFO com.orangehrm.testcases.Login - Using Dataprovider
2025-01-05 14:23:12,116 [main] INFO com.orangehrm.testcases.Login - INFO: Driver is closing.....
2025-01-05 14:23:12,495 [main] INFO com.orangehrm.testcases.Login - INFO: Settiing up driver properties....
2025-01-05 14:23:21,936 [main] INFO com.orangehrm.testcases.Login - INFO: Driver is closing.....
2025-01-05 14:23:22,328 [main] INFO com.orangehrm.testcases.Login - INFO: Settiing up driver properties....
2025-01-05 14:23:28,143 [main] INFO com.orangehrm.testcases.Login - INFO: Driver is closing.....
2025-01-05 14:23:28,503 [main] INFO com.orangehrm.testcases.Login - INFO: Settiing up driver properties....
2025-01-05 14:23:32,932 [main] INFO com.orangehrm.testcases.Login - INFO: Driver is closing.....
2025-01-05 14:25:25,899 [main] INFO com.orangehrm.testcases.Login - INFO: Settiing up driver properties....
2025-01-05 14:25:33,613 [main] INFO com.orangehrm.testcases.Login - INFO: Driver is closing.....
2025-01-05 14:25:34,334 [main] INFO com.orangehrm.testcases.Login - INFO: Settiing up driver properties....
2025-01-05 14:25:38,282 [main] INFO com.orangehrm.testcases.Login - Using Dataprovider
2025-01-05 14:25:40,189 [main] INFO com.orangehrm.testcases.Login - INFO: Driver is closing.....
2025-01-05 14:25:40,530 [main] INFO com.orangehrm.testcases.Login - INFO: Settiing up driver properties....
2025-01-05 14:25:44,637 [main] INFO com.orangehrm.testcases.Login - Using Dataprovider
2025-01-05 14:25:46,559 [main] INFO com.orangehrm.testcases.Login - INFO: Driver is closing.....
2025-01-05 14:25:46,928 [main] INFO com.orangehrm.testcases.Login - INFO: Settiing up driver properties....
2025-01-05 14:25:50,670 [main] INFO com.orangehrm.testcases.Login - Using Dataprovider
2025-01-05 14:25:52,494 [main] INFO com.orangehrm.testcases.Login - INFO: Driver is closing.....
2025-01-05 14:25:52,835 [main] INFO com.orangehrm.testcases.Login - INFO: Settiing up driver properties....
2025-01-05 14:25:58,870 [main] INFO com.orangehrm.testcases.Login - INFO: Driver is closing.....
2025-01-05 14:25:59,217 [main] INFO com.orangehrm.testcases.Login - INFO: Settiing up driver properties....
2025-01-05 14:26:05,842 [main] INFO com.orangehrm.testcases.Login - INFO: Driver is closing.....
2025-01-05 14:26:06,164 [main] INFO com.orangehrm.testcases.Login - INFO: Settiing up driver properties....
2025-01-05 14:26:14,453 [main] INFO com.orangehrm.testcases.Login - INFO: Driver is closing.....
2025-01-05 14:32:57,325 [main] INFO com.orangehrm.testcases.Login - INFO: Settiing up driver properties....
2025-01-05 14:33:04,268 [main] INFO com.orangehrm.testcases.Login - INFO: Driver is closing.....
2025-01-05 14:33:04,950 [main] INFO com.orangehrm.testcases.Login - INFO: Settiing up driver properties....
2025-01-05 14:33:10,832 [main] INFO com.orangehrm.testcases.Login - INFO: Driver is closing.....
2025-01-05 14:33:11,145 [main] INFO com.orangehrm.testcases.Login - INFO: Settiing up driver properties....
2025-01-05 14:33:16,790 [main] INFO com.orangehrm.testcases.Login - INFO: Driver is closing.....
2025-01-05 14:33:17,101 [main] INFO com.orangehrm.testcases.Login - INFO: Settiing up driver properties....
2025-01-05 14:33:24,568 [main] INFO com.orangehrm.testcases.Login - INFO: Driver is closing.....
2025-01-05 14:35:03,134 [main] INFO com.orangehrm.testcases.Login - INFO: Settiing up driver properties....
2025-01-05 14:35:09,556 [main] INFO com.orangehrm.testcases.Login - INFO: Driver is closing.....
2025-01-05 14:35:10,269 [main] INFO com.orangehrm.testcases.Login - INFO: Settiing up driver properties....
2025-01-05 14:35:14,298 [main] INFO com.orangehrm.testcases.Login - Using Dataprovider
2025-01-05 14:35:16,316 [main] INFO com.orangehrm.testcases.Login - INFO: Driver is closing.....
2025-01-05 14:35:16,640 [main] INFO com.orangehrm.testcases.Login - INFO: Settiing up driver properties....
2025-01-05 14:35:20,494 [main] INFO com.orangehrm.testcases.Login - Using Dataprovider
2025-01-05 14:35:22,421 [main] INFO com.orangehrm.testcases.Login - INFO: Driver is closing.....
2025-01-05 14:35:22,727 [main] INFO com.orangehrm.testcases.Login - INFO: Settiing up driver properties....
2025-01-05 14:35:26,614 [main] INFO com.orangehrm.testcases.Login - Using Dataprovider
2025-01-05 14:35:28,660 [main] INFO com.orangehrm.testcases.Login - INFO: Driver is closing.....
2025-01-05 14:35:28,952 [main] INFO com.orangehrm.testcases.Login - INFO: Settiing up driver properties....
2025-01-05 14:35:35,806 [main] INFO com.orangehrm.testcases.Login - INFO: Driver is closing.....
2025-01-05 14:35:36,072 [main] INFO com.orangehrm.testcases.Login - INFO: Settiing up driver properties....
2025-01-05 14:35:41,778 [main] INFO com.orangehrm.testcases.Login - INFO: Driver is closing.....
2025-01-05 14:35:42,064 [main] INFO com.orangehrm.testcases.Login - INFO: Settiing up driver properties....
2025-01-05 14:35:46,825 [main] INFO com.orangehrm.testcases.Login - INFO: Driver is closing.....
2025-01-05 22:04:47,020 [main] INFO com.orangehrm.testcases.Login - INFO: Settiing up driver properties....
2025-01-05 22:05:05,104 [main] INFO com.orangehrm.testcases.Login - INFO: Driver is closing.....
2025-01-05 22:05:06,091 [main] INFO com.orangehrm.testcases.Login - INFO: Settiing up driver properties....
2025-01-05 22:05:10,677 [main] INFO com.orangehrm.testcases.Login - Using Dataprovider
2025-01-05 22:05:12,537 [main] INFO com.orangehrm.testcases.Login - INFO: Driver is closing.....
2025-01-05 22:05:12,888 [main] INFO com.orangehrm.testcases.Login - INFO: Settiing up driver properties....
2025-01-05 22:05:16,685 [main] INFO com.orangehrm.testcases.Login - Using Dataprovider
2025-01-05 22:05:18,634 [main] INFO com.orangehrm.testcases.Login - INFO: Driver is closing.....
2025-01-05 22:05:18,990 [main] INFO com.orangehrm.testcases.Login - INFO: Settiing up driver properties....
2025-01-05 22:05:22,994 [main] INFO com.orangehrm.testcases.Login - Using Dataprovider
2025-01-05 22:05:25,709 [main] INFO com.orangehrm.testcases.Login - INFO: Driver is closing.....
2025-01-05 22:05:26,036 [main] INFO com.orangehrm.testcases.Login - INFO: Settiing up driver properties....
2025-01-05 22:05:32,858 [main] INFO com.orangehrm.testcases.Login - INFO: Driver is closing.....
2025-01-05 22:05:33,194 [main] INFO com.orangehrm.testcases.Login - INFO: Settiing up driver properties....
2025-01-05 22:05:39,494 [main] INFO com.orangehrm.testcases.Login - INFO: Driver is closing.....
2025-01-05 22:05:39,821 [main] INFO com.orangehrm.testcases.Login - INFO: Settiing up driver properties....
2025-01-05 22:05:44,123 [main] INFO com.orangehrm.testcases.Login - INFO: Driver is closing.....
2025-01-06 06:48:02,826 [main] INFO com.orangehrm.testcases.Login - INFO: Settiing up driver properties....
2025-01-06 06:48:20,435 [main] INFO com.orangehrm.testcases.Login - INFO: Driver is closing.....
2025-01-06 06:48:21,439 [main] INFO com.orangehrm.testcases.Login - INFO: Settiing up driver properties....
2025-01-06 06:48:25,744 [main] INFO com.orangehrm.testcases.Login - Using Dataprovider
2025-01-06 06:48:27,671 [main] INFO com.orangehrm.testcases.Login - INFO: Driver is closing.....
2025-01-06 06:48:28,022 [main] INFO com.orangehrm.testcases.Login - INFO: Settiing up driver properties....
2025-01-06 06:48:31,816 [main] INFO com.orangehrm.testcases.Login - Using Dataprovider
2025-01-06 06:48:33,717 [main] INFO com.orangehrm.testcases.Login - INFO: Driver is closing.....
2025-01-06 06:48:34,047 [main] INFO com.orangehrm.testcases.Login - INFO: Settiing up driver properties....
2025-01-06 06:48:37,906 [main] INFO com.orangehrm.testcases.Login - Using Dataprovider
2025-01-06 06:48:40,030 [main] INFO com.orangehrm.testcases.Login - INFO: Driver is closing.....
2025-01-06 06:48:40,365 [main] INFO com.orangehrm.testcases.Login - INFO: Settiing up driver properties....
2025-01-06 06:48:47,103 [main] INFO com.orangehrm.testcases.Login - INFO: Driver is closing.....
2025-01-06 06:48:47,452 [main] INFO com.orangehrm.testcases.Login - INFO: Settiing up driver properties....
2025-01-06 06:48:54,171 [main] INFO com.orangehrm.testcases.Login - INFO: Driver is closing.....
2025-01-06 06:48:54,522 [main] INFO com.orangehrm.testcases.Login - INFO: Settiing up driver properties....
2025-01-06 06:48:58,541 [main] INFO com.orangehrm.testcases.Login - INFO: Driver is closing.....
2025-01-06 07:14:45,371 [main] INFO com.orangehrm.testcases.Login - INFO: Settiing up driver properties....
2025-01-06 07:15:02,258 [main] INFO com.orangehrm.testcases.Login - INFO: Driver is closing.....
2025-01-06 07:15:03,199 [main] INFO com.orangehrm.testcases.Login - INFO: Settiing up driver properties....
2025-01-06 07:15:07,298 [main] INFO com.orangehrm.testcases.Login - Using Dataprovider
2025-01-06 07:15:09,245 [main] INFO com.orangehrm.testcases.Login - INFO: Driver is closing.....
2025-01-06 07:15:09,656 [main] INFO com.orangehrm.testcases.Login - INFO: Settiing up driver properties....
2025-01-06 07:15:13,717 [main] INFO com.orangehrm.testcases.Login - Using Dataprovider
2025-01-06 07:15:15,721 [main] INFO com.orangehrm.testcases.Login - INFO: Driver is closing.....
2025-01-06 07:15:16,094 [main] INFO com.orangehrm.testcases.Login - INFO: Settiing up driver properties....
2025-01-06 07:15:19,813 [main] INFO com.orangehrm.testcases.Login - Using Dataprovider
2025-01-06 07:15:21,768 [main] INFO com.orangehrm.testcases.Login - INFO: Driver is closing.....
2025-01-06 07:15:22,106 [main] INFO com.orangehrm.testcases.Login - INFO: Settiing up driver properties....
2025-01-06 07:15:28,294 [main] INFO com.orangehrm.testcases.Login - INFO: Driver is closing.....
2025-01-06 07:15:28,652 [main] INFO com.orangehrm.testcases.Login - INFO: Settiing up driver properties....
2025-01-06 07:15:34,264 [main] INFO com.orangehrm.testcases.Login - INFO: Driver is closing.....
2025-01-06 07:15:34,618 [main] INFO com.orangehrm.testcases.Login - INFO: Settiing up driver properties....
2025-01-06 07:15:38,979 [main] INFO com.orangehrm.testcases.Login - INFO: Driver is closing.....
2025-01-06 10:04:27,024 [main] INFO com.orangehrm.testcases.Login - INFO: Settiing up driver properties....
2025-01-06 10:04:44,220 [main] INFO com.orangehrm.testcases.Login - INFO: Driver is closing.....
2025-01-06 10:04:45,271 [main] INFO com.orangehrm.testcases.Login - INFO: Settiing up driver properties....
2025-01-06 10:04:49,162 [main] INFO com.orangehrm.testcases.Login - Using Dataprovider
2025-01-06 10:04:59,890 [main] INFO com.orangehrm.testcases.Login - INFO: Driver is closing.....
2025-01-06 10:05:00,235 [main] INFO com.orangehrm.testcases.Login - INFO: Settiing up driver properties....
2025-01-06 10:05:04,594 [main] INFO com.orangehrm.testcases.Login - Using Dataprovider
2025-01-06 10:05:07,374 [main] INFO com.orangehrm.testcases.Login - INFO: Driver is closing.....
2025-01-06 10:05:07,673 [main] INFO com.orangehrm.testcases.Login - INFO: Settiing up driver properties....
2025-01-06 10:05:11,600 [main] INFO com.orangehrm.testcases.Login - Using Dataprovider
2025-01-06 10:05:13,588 [main] INFO com.orangehrm.testcases.Login - INFO: Driver is closing.....
2025-01-06 10:05:13,876 [main] INFO com.orangehrm.testcases.Login - INFO: Settiing up driver properties....
2025-01-06 10:05:19,758 [main] INFO com.orangehrm.testcases.Login - INFO: Driver is closing.....
2025-01-06 10:05:20,061 [main] INFO com.orangehrm.testcases.Login - INFO: Settiing up driver properties....
2025-01-06 10:05:25,652 [main] INFO com.orangehrm.testcases.Login - INFO: Driver is closing.....
2025-01-06 10:05:25,948 [main] INFO com.orangehrm.testcases.Login - INFO: Settiing up driver properties....
2025-01-06 10:05:29,981 [main] INFO com.orangehrm.testcases.Login - INFO: Driver is closing.....
2025-01-06 10:08:28,197 [main] INFO com.orangehrm.testcases.Login - INFO: Settiing up driver properties....
2025-01-06 10:08:44,488 [main] INFO com.orangehrm.testcases.Login - INFO: Driver is closing.....
2025-01-06 10:08:45,179 [main] INFO com.orangehrm.testcases.Login - INFO: Settiing up driver properties....
2025-01-06 10:08:49,712 [main] INFO com.orangehrm.testcases.Login - Using Dataprovider
2025-01-06 10:08:52,567 [main] INFO com.orangehrm.testcases.Login - INFO: Driver is closing.....
2025-01-06 10:08:52,862 [main] INFO com.orangehrm.testcases.Login - INFO: Settiing up driver properties....
2025-01-06 10:08:56,907 [main] INFO com.orangehrm.testcases.Login - Using Dataprovider
2025-01-06 10:08:59,078 [main] INFO com.orangehrm.testcases.Login - INFO: Driver is closing.....
2025-01-06 10:08:59,409 [main] INFO com.orangehrm.testcases.Login - INFO: Settiing up driver properties....
2025-01-06 10:09:03,293 [main] INFO com.orangehrm.testcases.Login - Using Dataprovider
2025-01-06 10:09:05,261 [main] INFO com.orangehrm.testcases.Login - INFO: Driver is closing.....
2025-01-06 10:09:05,567 [main] INFO com.orangehrm.testcases.Login - INFO: Settiing up driver properties....
2025-01-06 10:09:11,323 [main] INFO com.orangehrm.testcases.Login - INFO: Driver is closing.....
2025-01-06 10:09:11,634 [main] INFO com.orangehrm.testcases.Login - INFO: Settiing up driver properties....
2025-01-06 10:09:17,313 [main] INFO com.orangehrm.testcases.Login - INFO: Driver is closing.....
2025-01-06 10:09:17,582 [main] INFO com.orangehrm.testcases.Login - INFO: Settiing up driver properties....
2025-01-06 10:09:21,927 [main] INFO com.orangehrm.testcases.Login - INFO: Driver is closing.....
2025-01-06 10:42:22,232 [main] INFO com.orangehrm.testcases.Login - INFO: Settiing up driver properties....
2025-01-06 10:42:54,745 [main] INFO com.orangehrm.testcases.Login - INFO: Driver is closing.....
2025-01-06 10:42:55,554 [main] INFO com.orangehrm.testcases.Login - INFO: Settiing up driver properties....
2025-01-06 10:43:13,295 [main] INFO com.orangehrm.testcases.Login - Using Dataprovider
2025-01-06 10:43:29,907 [main] INFO com.orangehrm.testcases.Login - INFO: Driver is closing.....
2025-01-06 10:43:30,269 [main] INFO com.orangehrm.testcases.Login - INFO: Settiing up driver properties....
2025-01-06 10:43:46,836 [main] INFO com.orangehrm.testcases.Login - Using Dataprovider
2025-01-06 10:44:04,025 [main] INFO com.orangehrm.testcases.Login - INFO: Driver is closing.....
2025-01-06 10:44:04,352 [main] INFO com.orangehrm.testcases.Login - INFO: Settiing up driver properties....
2025-01-06 10:44:22,052 [main] INFO com.orangehrm.testcases.Login - Using Dataprovider
2025-01-06 10:44:38,881 [main] INFO com.orangehrm.testcases.Login - INFO: Driver is closing.....
2025-01-06 10:44:39,234 [main] INFO com.orangehrm.testcases.Login - INFO: Settiing up driver properties....
2025-01-06 10:45:13,615 [main] INFO com.orangehrm.testcases.Login - INFO: Driver is closing.....
2025-01-06 10:45:13,946 [main] INFO com.orangehrm.testcases.Login - INFO: Settiing up driver properties....
2025-01-06 10:45:45,193 [main] INFO com.orangehrm.testcases.Login - INFO: Driver is closing.....
2025-01-06 10:45:45,523 [main] INFO com.orangehrm.testcases.Login - INFO: Settiing up driver properties....
2025-01-06 10:46:07,570 [main] INFO com.orangehrm.testcases.Login - INFO: Driver is closing.....
2025-01-06 11:31:03,591 [main] INFO com.orangehrm.testcases.Login - INFO: Settiing up driver properties....
2025-01-06 11:31:24,542 [main] INFO com.orangehrm.testcases.Login - INFO: Driver is closing.....
2025-01-06 11:31:26,047 [main] INFO com.orangehrm.testcases.Login - INFO: Settiing up driver properties....
2025-01-06 11:31:34,290 [main] INFO com.orangehrm.testcases.Login - Using Dataprovider
2025-01-06 11:31:36,863 [main] INFO com.orangehrm.testcases.Login - INFO: Driver is closing.....
2025-01-06 11:31:37,548 [main] INFO com.orangehrm.testcases.Login - INFO: Settiing up driver properties....
2025-01-06 11:31:46,465 [main] INFO com.orangehrm.testcases.Login - Using Dataprovider
2025-01-06 11:31:49,223 [main] INFO com.orangehrm.testcases.Login - INFO: Driver is closing.....
2025-01-06 11:31:49,860 [main] INFO com.orangehrm.testcases.Login - INFO: Settiing up driver properties....
2025-01-06 11:31:59,044 [main] INFO com.orangehrm.testcases.Login - Using Dataprovider
2025-01-06 11:32:02,447 [main] INFO com.orangehrm.testcases.Login - INFO: Driver is closing.....
2025-01-06 11:32:02,863 [main] INFO com.orangehrm.testcases.Login - INFO: Settiing up driver properties....
2025-01-06 11:32:13,646 [main] INFO com.orangehrm.testcases.Login - INFO: Driver is closing.....
2025-01-06 11:32:14,269 [main] INFO com.orangehrm.testcases.Login - INFO: Settiing up driver properties....
2025-01-06 11:32:24,340 [main] INFO com.orangehrm.testcases.Login - INFO: Driver is closing.....
2025-01-06 11:32:25,010 [main] INFO com.orangehrm.testcases.Login - INFO: Settiing up driver properties....
2025-01-06 11:32:30,405 [main] INFO com.orangehrm.testcases.Login - INFO: Driver is closing.....
