INFO: Settiing up driver properties....
WARN: Settiing up driver properties....
ERROR: Settiing up driver properties....
TRACE: Settiing up driver properties....
INFO: Settiing up driver properties....
WARN: Settiing up driver properties....
ERROR: Settiing up driver properties....
TRACE: Settiing up driver properties....
INFO: Settiing up driver properties....
WARN: Settiing up driver properties....
ERROR: Settiing up driver properties....
2025-01-04 19:17:01,340 [main] INFO com.orangehrm.testcases.Login - INFO: Settiing up driver properties....
2025-01-04 19:17:01,343 [main] WARN com.orangehrm.testcases.Login - WARN: Settiing up driver properties....
2025-01-04 19:17:01,343 [main] ERROR com.orangehrm.testcases.Login - ERROR: Settiing up driver properties....
2025-01-04 19:50:34,660 [main] INFO com.orangehrm.testcases.Login - INFO: Settiing up driver properties....
2025-01-04 19:50:34,665 [main] WARN com.orangehrm.testcases.Login - WARN: Settiing up driver properties....
2025-01-04 19:50:34,665 [main] ERROR com.orangehrm.testcases.Login - ERROR: Settiing up driver properties....
2025-01-05 12:37:50,022 [main] INFO com.orangehrm.testcases.Login - INFO: Settiing up driver properties....
2025-01-05 12:37:56,841 [main] INFO com.orangehrm.testcases.Login - INFO: Driver is closing.....
2025-01-05 12:37:57,682 [main] INFO com.orangehrm.testcases.Login - INFO: Settiing up driver properties....
2025-01-05 12:38:01,955 [main] INFO com.orangehrm.testcases.Login - INFO: Driver is closing.....
2025-01-05 12:38:02,298 [main] INFO com.orangehrm.testcases.Login - INFO: Settiing up driver properties....
2025-01-05 12:38:06,313 [main] INFO com.orangehrm.testcases.Login - INFO: Driver is closing.....
2025-01-05 12:38:06,676 [main] INFO com.orangehrm.testcases.Login - INFO: Settiing up driver properties....
2025-01-05 12:38:10,348 [main] INFO com.orangehrm.testcases.Login - INFO: Driver is closing.....
2025-01-05 12:51:09,673 [main] INFO com.orangehrm.testcases.Login - INFO: Settiing up driver properties....
2025-01-05 12:51:16,545 [main] INFO com.orangehrm.testcases.Login - INFO: Driver is closing.....
2025-01-05 12:51:17,313 [main] INFO com.orangehrm.testcases.Login - INFO: Settiing up driver properties....
2025-01-05 12:51:21,334 [main] INFO com.orangehrm.testcases.Login - INFO: Driver is closing.....
2025-01-05 12:51:21,685 [main] INFO com.orangehrm.testcases.Login - INFO: Settiing up driver properties....
2025-01-05 12:51:25,551 [main] INFO com.orangehrm.testcases.Login - INFO: Driver is closing.....
2025-01-05 12:51:25,945 [main] INFO com.orangehrm.testcases.Login - INFO: Settiing up driver properties....
2025-01-05 12:51:29,554 [main] INFO com.orangehrm.testcases.Login - INFO: Driver is closing.....
2025-01-05 14:13:39,787 [main] INFO com.orangehrm.testcases.Login - INFO: Settiing up driver properties....
2025-01-05 14:13:44,630 [main] INFO com.orangehrm.testcases.Login - Using Dataprovider
2025-01-05 14:13:44,641 [main] INFO com.orangehrm.testcases.Login - INFO: Driver is closing.....
2025-01-05 14:13:45,059 [main] INFO com.orangehrm.testcases.Login - INFO: Settiing up driver properties....
2025-01-05 14:13:50,002 [main] INFO com.orangehrm.testcases.Login - Using Dataprovider
2025-01-05 14:13:50,005 [main] INFO com.orangehrm.testcases.Login - INFO: Driver is closing.....
2025-01-05 14:13:50,371 [main] INFO com.orangehrm.testcases.Login - INFO: Settiing up driver properties....
2025-01-05 14:13:54,129 [main] INFO com.orangehrm.testcases.Login - Using Dataprovider
2025-01-05 14:13:54,137 [main] INFO com.orangehrm.testcases.Login - INFO: Driver is closing.....
2025-01-05 14:15:33,004 [main] INFO com.orangehrm.testcases.Login - INFO: Settiing up driver properties....
2025-01-05 14:15:37,589 [main] INFO com.orangehrm.testcases.Login - Using Dataprovider
2025-01-05 14:15:37,598 [main] INFO com.orangehrm.testcases.Login - INFO: Driver is closing.....
2025-01-05 14:15:37,952 [main] INFO com.orangehrm.testcases.Login - INFO: Settiing up driver properties....
2025-01-05 14:15:43,189 [main] INFO com.orangehrm.testcases.Login - Using Dataprovider
2025-01-05 14:15:43,202 [main] INFO com.orangehrm.testcases.Login - INFO: Driver is closing.....
2025-01-05 14:15:43,637 [main] INFO com.orangehrm.testcases.Login - INFO: Settiing up driver properties....
2025-01-05 14:15:47,556 [main] INFO com.orangehrm.testcases.Login - Using Dataprovider
2025-01-05 14:15:47,569 [main] INFO com.orangehrm.testcases.Login - INFO: Driver is closing.....
2025-01-05 14:17:39,618 [main] INFO com.orangehrm.testcases.Login - INFO: Settiing up driver properties....
2025-01-05 14:17:46,192 [main] INFO com.orangehrm.testcases.Login - INFO: Driver is closing.....
2025-01-05 14:17:46,944 [main] INFO com.orangehrm.testcases.Login - INFO: Settiing up driver properties....
2025-01-05 14:17:50,782 [main] INFO com.orangehrm.testcases.Login - Using Dataprovider
2025-01-05 14:17:50,795 [main] INFO com.orangehrm.testcases.Login - INFO: Driver is closing.....
2025-01-05 14:17:51,143 [main] INFO com.orangehrm.testcases.Login - INFO: Settiing up driver properties....
2025-01-05 14:17:54,974 [main] INFO com.orangehrm.testcases.Login - Using Dataprovider
2025-01-05 14:17:54,980 [main] INFO com.orangehrm.testcases.Login - INFO: Driver is closing.....
2025-01-05 14:17:55,337 [main] INFO com.orangehrm.testcases.Login - INFO: Settiing up driver properties....
2025-01-05 14:17:59,271 [main] INFO com.orangehrm.testcases.Login - Using Dataprovider
2025-01-05 14:17:59,284 [main] INFO com.orangehrm.testcases.Login - INFO: Driver is closing.....
2025-01-05 14:17:59,613 [main] INFO com.orangehrm.testcases.Login - INFO: Settiing up driver properties....
2025-01-05 14:18:03,448 [main] INFO com.orangehrm.testcases.Login - INFO: Driver is closing.....
2025-01-05 14:18:03,831 [main] INFO com.orangehrm.testcases.Login - INFO: Settiing up driver properties....
2025-01-05 14:18:07,765 [main] INFO com.orangehrm.testcases.Login - INFO: Driver is closing.....
2025-01-05 14:18:08,097 [main] INFO com.orangehrm.testcases.Login - INFO: Settiing up driver properties....
2025-01-05 14:18:11,900 [main] INFO com.orangehrm.testcases.Login - INFO: Driver is closing.....
2025-01-05 14:19:38,723 [main] INFO com.orangehrm.testcases.Login - INFO: Settiing up driver properties....
2025-01-05 14:19:45,745 [main] INFO com.orangehrm.testcases.Login - INFO: Driver is closing.....
2025-01-05 14:19:46,474 [main] INFO com.orangehrm.testcases.Login - INFO: Settiing up driver properties....
2025-01-05 14:19:50,765 [main] INFO com.orangehrm.testcases.Login - Using Dataprovider
2025-01-05 14:19:52,734 [main] INFO com.orangehrm.testcases.Login - INFO: Driver is closing.....
2025-01-05 14:19:53,098 [main] INFO com.orangehrm.testcases.Login - INFO: Settiing up driver properties....
2025-01-05 14:19:58,354 [main] INFO com.orangehrm.testcases.Login - Using Dataprovider
2025-01-05 14:20:00,603 [main] INFO com.orangehrm.testcases.Login - INFO: Driver is closing.....
2025-01-05 14:20:00,928 [main] INFO com.orangehrm.testcases.Login - INFO: Settiing up driver properties....
2025-01-05 14:20:04,997 [main] INFO com.orangehrm.testcases.Login - Using Dataprovider
2025-01-05 14:20:07,055 [main] INFO com.orangehrm.testcases.Login - INFO: Driver is closing.....
2025-01-05 14:20:07,408 [main] INFO com.orangehrm.testcases.Login - INFO: Settiing up driver properties....
2025-01-05 14:20:12,895 [main] INFO com.orangehrm.testcases.Login - INFO: Driver is closing.....
2025-01-05 14:20:13,232 [main] INFO com.orangehrm.testcases.Login - INFO: Settiing up driver properties....
2025-01-05 14:20:18,994 [main] INFO com.orangehrm.testcases.Login - INFO: Driver is closing.....
2025-01-05 14:20:19,325 [main] INFO com.orangehrm.testcases.Login - INFO: Settiing up driver properties....
2025-01-05 14:20:23,553 [main] INFO com.orangehrm.testcases.Login - INFO: Driver is closing.....
2025-01-05 14:22:45,230 [main] INFO com.orangehrm.testcases.Login - INFO: Settiing up driver properties....
2025-01-05 14:22:52,056 [main] INFO com.orangehrm.testcases.Login - INFO: Driver is closing.....
2025-01-05 14:22:52,899 [main] INFO com.orangehrm.testcases.Login - INFO: Settiing up driver properties....
2025-01-05 14:22:56,723 [main] INFO com.orangehrm.testcases.Login - Using Dataprovider
2025-01-05 14:22:58,633 [main] INFO com.orangehrm.testcases.Login - INFO: Driver is closing.....
2025-01-05 14:22:58,976 [main] INFO com.orangehrm.testcases.Login - INFO: Settiing up driver properties....
2025-01-05 14:23:02,898 [main] INFO com.orangehrm.testcases.Login - Using Dataprovider
2025-01-05 14:23:05,727 [main] INFO com.orangehrm.testcases.Login - INFO: Driver is closing.....
2025-01-05 14:23:06,077 [main] INFO com.orangehrm.testcases.Login - INFO: Settiing up driver properties....
2025-01-05 14:23:10,214 [main] INFO com.orangehrm.testcases.Login - Using Dataprovider
2025-01-05 14:23:12,116 [main] INFO com.orangehrm.testcases.Login - INFO: Driver is closing.....
2025-01-05 14:23:12,495 [main] INFO com.orangehrm.testcases.Login - INFO: Settiing up driver properties....
2025-01-05 14:23:21,936 [main] INFO com.orangehrm.testcases.Login - INFO: Driver is closing.....
2025-01-05 14:23:22,328 [main] INFO com.orangehrm.testcases.Login - INFO: Settiing up driver properties....
2025-01-05 14:23:28,143 [main] INFO com.orangehrm.testcases.Login - INFO: Driver is closing.....
2025-01-05 14:23:28,503 [main] INFO com.orangehrm.testcases.Login - INFO: Settiing up driver properties....
2025-01-05 14:23:32,932 [main] INFO com.orangehrm.testcases.Login - INFO: Driver is closing.....
2025-01-05 14:25:25,899 [main] INFO com.orangehrm.testcases.Login - INFO: Settiing up driver properties....
2025-01-05 14:25:33,613 [main] INFO com.orangehrm.testcases.Login - INFO: Driver is closing.....
2025-01-05 14:25:34,334 [main] INFO com.orangehrm.testcases.Login - INFO: Settiing up driver properties....
2025-01-05 14:25:38,282 [main] INFO com.orangehrm.testcases.Login - Using Dataprovider
2025-01-05 14:25:40,189 [main] INFO com.orangehrm.testcases.Login - INFO: Driver is closing.....
2025-01-05 14:25:40,530 [main] INFO com.orangehrm.testcases.Login - INFO: Settiing up driver properties....
2025-01-05 14:25:44,637 [main] INFO com.orangehrm.testcases.Login - Using Dataprovider
2025-01-05 14:25:46,559 [main] INFO com.orangehrm.testcases.Login - INFO: Driver is closing.....
2025-01-05 14:25:46,928 [main] INFO com.orangehrm.testcases.Login - INFO: Settiing up driver properties....
2025-01-05 14:25:50,670 [main] INFO com.orangehrm.testcases.Login - Using Dataprovider
2025-01-05 14:25:52,494 [main] INFO com.orangehrm.testcases.Login - INFO: Driver is closing.....
2025-01-05 14:25:52,835 [main] INFO com.orangehrm.testcases.Login - INFO: Settiing up driver properties....
2025-01-05 14:25:58,870 [main] INFO com.orangehrm.testcases.Login - INFO: Driver is closing.....
2025-01-05 14:25:59,217 [main] INFO com.orangehrm.testcases.Login - INFO: Settiing up driver properties....
2025-01-05 14:26:05,842 [main] INFO com.orangehrm.testcases.Login - INFO: Driver is closing.....
2025-01-05 14:26:06,164 [main] INFO com.orangehrm.testcases.Login - INFO: Settiing up driver properties....
2025-01-05 14:26:14,453 [main] INFO com.orangehrm.testcases.Login - INFO: Driver is closing.....
2025-01-05 14:32:57,325 [main] INFO com.orangehrm.testcases.Login - INFO: Settiing up driver properties....
2025-01-05 14:33:04,268 [main] INFO com.orangehrm.testcases.Login - INFO: Driver is closing.....
2025-01-05 14:33:04,950 [main] INFO com.orangehrm.testcases.Login - INFO: Settiing up driver properties....
2025-01-05 14:33:10,832 [main] INFO com.orangehrm.testcases.Login - INFO: Driver is closing.....
2025-01-05 14:33:11,145 [main] INFO com.orangehrm.testcases.Login - INFO: Settiing up driver properties....
2025-01-05 14:33:16,790 [main] INFO com.orangehrm.testcases.Login - INFO: Driver is closing.....
2025-01-05 14:33:17,101 [main] INFO com.orangehrm.testcases.Login - INFO: Settiing up driver properties....
2025-01-05 14:33:24,568 [main] INFO com.orangehrm.testcases.Login - INFO: Driver is closing.....
2025-01-05 14:35:03,134 [main] INFO com.orangehrm.testcases.Login - INFO: Settiing up driver properties....
2025-01-05 14:35:09,556 [main] INFO com.orangehrm.testcases.Login - INFO: Driver is closing.....
2025-01-05 14:35:10,269 [main] INFO com.orangehrm.testcases.Login - INFO: Settiing up driver properties....
2025-01-05 14:35:14,298 [main] INFO com.orangehrm.testcases.Login - Using Dataprovider
2025-01-05 14:35:16,316 [main] INFO com.orangehrm.testcases.Login - INFO: Driver is closing.....
2025-01-05 14:35:16,640 [main] INFO com.orangehrm.testcases.Login - INFO: Settiing up driver properties....
2025-01-05 14:35:20,494 [main] INFO com.orangehrm.testcases.Login - Using Dataprovider
2025-01-05 14:35:22,421 [main] INFO com.orangehrm.testcases.Login - INFO: Driver is closing.....
2025-01-05 14:35:22,727 [main] INFO com.orangehrm.testcases.Login - INFO: Settiing up driver properties....
2025-01-05 14:35:26,614 [main] INFO com.orangehrm.testcases.Login - Using Dataprovider
2025-01-05 14:35:28,660 [main] INFO com.orangehrm.testcases.Login - INFO: Driver is closing.....
2025-01-05 14:35:28,952 [main] INFO com.orangehrm.testcases.Login - INFO: Settiing up driver properties....
2025-01-05 14:35:35,806 [main] INFO com.orangehrm.testcases.Login - INFO: Driver is closing.....
2025-01-05 14:35:36,072 [main] INFO com.orangehrm.testcases.Login - INFO: Settiing up driver properties....
2025-01-05 14:35:41,778 [main] INFO com.orangehrm.testcases.Login - INFO: Driver is closing.....
2025-01-05 14:35:42,064 [main] INFO com.orangehrm.testcases.Login - INFO: Settiing up driver properties....
2025-01-05 14:35:46,825 [main] INFO com.orangehrm.testcases.Login - INFO: Driver is closing.....
2025-01-05 22:04:47,020 [main] INFO com.orangehrm.testcases.Login - INFO: Settiing up driver properties....
2025-01-05 22:05:05,104 [main] INFO com.orangehrm.testcases.Login - INFO: Driver is closing.....
2025-01-05 22:05:06,091 [main] INFO com.orangehrm.testcases.Login - INFO: Settiing up driver properties....
2025-01-05 22:05:10,677 [main] INFO com.orangehrm.testcases.Login - Using Dataprovider
2025-01-05 22:05:12,537 [main] INFO com.orangehrm.testcases.Login - INFO: Driver is closing.....
2025-01-05 22:05:12,888 [main] INFO com.orangehrm.testcases.Login - INFO: Settiing up driver properties....
2025-01-05 22:05:16,685 [main] INFO com.orangehrm.testcases.Login - Using Dataprovider
2025-01-05 22:05:18,634 [main] INFO com.orangehrm.testcases.Login - INFO: Driver is closing.....
2025-01-05 22:05:18,990 [main] INFO com.orangehrm.testcases.Login - INFO: Settiing up driver properties....
2025-01-05 22:05:22,994 [main] INFO com.orangehrm.testcases.Login - Using Dataprovider
2025-01-05 22:05:25,709 [main] INFO com.orangehrm.testcases.Login - INFO: Driver is closing.....
2025-01-05 22:05:26,036 [main] INFO com.orangehrm.testcases.Login - INFO: Settiing up driver properties....
2025-01-05 22:05:32,858 [main] INFO com.orangehrm.testcases.Login - INFO: Driver is closing.....
2025-01-05 22:05:33,194 [main] INFO com.orangehrm.testcases.Login - INFO: Settiing up driver properties....
2025-01-05 22:05:39,494 [main] INFO com.orangehrm.testcases.Login - INFO: Driver is closing.....
2025-01-05 22:05:39,821 [main] INFO com.orangehrm.testcases.Login - INFO: Settiing up driver properties....
2025-01-05 22:05:44,123 [main] INFO com.orangehrm.testcases.Login - INFO: Driver is closing.....
2025-01-06 06:48:02,826 [main] INFO com.orangehrm.testcases.Login - INFO: Settiing up driver properties....
2025-01-06 06:48:20,435 [main] INFO com.orangehrm.testcases.Login - INFO: Driver is closing.....
2025-01-06 06:48:21,439 [main] INFO com.orangehrm.testcases.Login - INFO: Settiing up driver properties....
2025-01-06 06:48:25,744 [main] INFO com.orangehrm.testcases.Login - Using Dataprovider
2025-01-06 06:48:27,671 [main] INFO com.orangehrm.testcases.Login - INFO: Driver is closing.....
2025-01-06 06:48:28,022 [main] INFO com.orangehrm.testcases.Login - INFO: Settiing up driver properties....
2025-01-06 06:48:31,816 [main] INFO com.orangehrm.testcases.Login - Using Dataprovider
2025-01-06 06:48:33,717 [main] INFO com.orangehrm.testcases.Login - INFO: Driver is closing.....
2025-01-06 06:48:34,047 [main] INFO com.orangehrm.testcases.Login - INFO: Settiing up driver properties....
2025-01-06 06:48:37,906 [main] INFO com.orangehrm.testcases.Login - Using Dataprovider
2025-01-06 06:48:40,030 [main] INFO com.orangehrm.testcases.Login - INFO: Driver is closing.....
2025-01-06 06:48:40,365 [main] INFO com.orangehrm.testcases.Login - INFO: Settiing up driver properties....
2025-01-06 06:48:47,103 [main] INFO com.orangehrm.testcases.Login - INFO: Driver is closing.....
2025-01-06 06:48:47,452 [main] INFO com.orangehrm.testcases.Login - INFO: Settiing up driver properties....
2025-01-06 06:48:54,171 [main] INFO com.orangehrm.testcases.Login - INFO: Driver is closing.....
2025-01-06 06:48:54,522 [main] INFO com.orangehrm.testcases.Login - INFO: Settiing up driver properties....
2025-01-06 06:48:58,541 [main] INFO com.orangehrm.testcases.Login - INFO: Driver is closing.....
2025-01-06 07:14:45,371 [main] INFO com.orangehrm.testcases.Login - INFO: Settiing up driver properties....
2025-01-06 07:15:02,258 [main] INFO com.orangehrm.testcases.Login - INFO: Driver is closing.....
2025-01-06 07:15:03,199 [main] INFO com.orangehrm.testcases.Login - INFO: Settiing up driver properties....
2025-01-06 07:15:07,298 [main] INFO com.orangehrm.testcases.Login - Using Dataprovider
2025-01-06 07:15:09,245 [main] INFO com.orangehrm.testcases.Login - INFO: Driver is closing.....
2025-01-06 07:15:09,656 [main] INFO com.orangehrm.testcases.Login - INFO: Settiing up driver properties....
2025-01-06 07:15:13,717 [main] INFO com.orangehrm.testcases.Login - Using Dataprovider
2025-01-06 07:15:15,721 [main] INFO com.orangehrm.testcases.Login - INFO: Driver is closing.....
2025-01-06 07:15:16,094 [main] INFO com.orangehrm.testcases.Login - INFO: Settiing up driver properties....
2025-01-06 07:15:19,813 [main] INFO com.orangehrm.testcases.Login - Using Dataprovider
2025-01-06 07:15:21,768 [main] INFO com.orangehrm.testcases.Login - INFO: Driver is closing.....
2025-01-06 07:15:22,106 [main] INFO com.orangehrm.testcases.Login - INFO: Settiing up driver properties....
2025-01-06 07:15:28,294 [main] INFO com.orangehrm.testcases.Login - INFO: Driver is closing.....
2025-01-06 07:15:28,652 [main] INFO com.orangehrm.testcases.Login - INFO: Settiing up driver properties....
2025-01-06 07:15:34,264 [main] INFO com.orangehrm.testcases.Login - INFO: Driver is closing.....
2025-01-06 07:15:34,618 [main] INFO com.orangehrm.testcases.Login - INFO: Settiing up driver properties....
2025-01-06 07:15:38,979 [main] INFO com.orangehrm.testcases.Login - INFO: Driver is closing.....
2025-01-06 10:04:27,024 [main] INFO com.orangehrm.testcases.Login - INFO: Settiing up driver properties....
2025-01-06 10:04:44,220 [main] INFO com.orangehrm.testcases.Login - INFO: Driver is closing.....
2025-01-06 10:04:45,271 [main] INFO com.orangehrm.testcases.Login - INFO: Settiing up driver properties....
2025-01-06 10:04:49,162 [main] INFO com.orangehrm.testcases.Login - Using Dataprovider
2025-01-06 10:04:59,890 [main] INFO com.orangehrm.testcases.Login - INFO: Driver is closing.....
2025-01-06 10:05:00,235 [main] INFO com.orangehrm.testcases.Login - INFO: Settiing up driver properties....
2025-01-06 10:05:04,594 [main] INFO com.orangehrm.testcases.Login - Using Dataprovider
2025-01-06 10:05:07,374 [main] INFO com.orangehrm.testcases.Login - INFO: Driver is closing.....
2025-01-06 10:05:07,673 [main] INFO com.orangehrm.testcases.Login - INFO: Settiing up driver properties....
2025-01-06 10:05:11,600 [main] INFO com.orangehrm.testcases.Login - Using Dataprovider
2025-01-06 10:05:13,588 [main] INFO com.orangehrm.testcases.Login - INFO: Driver is closing.....
2025-01-06 10:05:13,876 [main] INFO com.orangehrm.testcases.Login - INFO: Settiing up driver properties....
2025-01-06 10:05:19,758 [main] INFO com.orangehrm.testcases.Login - INFO: Driver is closing.....
2025-01-06 10:05:20,061 [main] INFO com.orangehrm.testcases.Login - INFO: Settiing up driver properties....
2025-01-06 10:05:25,652 [main] INFO com.orangehrm.testcases.Login - INFO: Driver is closing.....
2025-01-06 10:05:25,948 [main] INFO com.orangehrm.testcases.Login - INFO: Settiing up driver properties....
2025-01-06 10:05:29,981 [main] INFO com.orangehrm.testcases.Login - INFO: Driver is closing.....
2025-01-06 10:08:28,197 [main] INFO com.orangehrm.testcases.Login - INFO: Settiing up driver properties....
2025-01-06 10:08:44,488 [main] INFO com.orangehrm.testcases.Login - INFO: Driver is closing.....
2025-01-06 10:08:45,179 [main] INFO com.orangehrm.testcases.Login - INFO: Settiing up driver properties....
2025-01-06 10:08:49,712 [main] INFO com.orangehrm.testcases.Login - Using Dataprovider
2025-01-06 10:08:52,567 [main] INFO com.orangehrm.testcases.Login - INFO: Driver is closing.....
2025-01-06 10:08:52,862 [main] INFO com.orangehrm.testcases.Login - INFO: Settiing up driver properties....
2025-01-06 10:08:56,907 [main] INFO com.orangehrm.testcases.Login - Using Dataprovider
2025-01-06 10:08:59,078 [main] INFO com.orangehrm.testcases.Login - INFO: Driver is closing.....
2025-01-06 10:08:59,409 [main] INFO com.orangehrm.testcases.Login - INFO: Settiing up driver properties....
2025-01-06 10:09:03,293 [main] INFO com.orangehrm.testcases.Login - Using Dataprovider
2025-01-06 10:09:05,261 [main] INFO com.orangehrm.testcases.Login - INFO: Driver is closing.....
2025-01-06 10:09:05,567 [main] INFO com.orangehrm.testcases.Login - INFO: Settiing up driver properties....
2025-01-06 10:09:11,323 [main] INFO com.orangehrm.testcases.Login - INFO: Driver is closing.....
2025-01-06 10:09:11,634 [main] INFO com.orangehrm.testcases.Login - INFO: Settiing up driver properties....
2025-01-06 10:09:17,313 [main] INFO com.orangehrm.testcases.Login - INFO: Driver is closing.....
2025-01-06 10:09:17,582 [main] INFO com.orangehrm.testcases.Login - INFO: Settiing up driver properties....
2025-01-06 10:09:21,927 [main] INFO com.orangehrm.testcases.Login - INFO: Driver is closing.....
2025-01-06 10:42:22,232 [main] INFO com.orangehrm.testcases.Login - INFO: Settiing up driver properties....
2025-01-06 10:42:54,745 [main] INFO com.orangehrm.testcases.Login - INFO: Driver is closing.....
2025-01-06 10:42:55,554 [main] INFO com.orangehrm.testcases.Login - INFO: Settiing up driver properties....
2025-01-06 10:43:13,295 [main] INFO com.orangehrm.testcases.Login - Using Dataprovider
2025-01-06 10:43:29,907 [main] INFO com.orangehrm.testcases.Login - INFO: Driver is closing.....
2025-01-06 10:43:30,269 [main] INFO com.orangehrm.testcases.Login - INFO: Settiing up driver properties....
2025-01-06 10:43:46,836 [main] INFO com.orangehrm.testcases.Login - Using Dataprovider
2025-01-06 10:44:04,025 [main] INFO com.orangehrm.testcases.Login - INFO: Driver is closing.....
2025-01-06 10:44:04,352 [main] INFO com.orangehrm.testcases.Login - INFO: Settiing up driver properties....
2025-01-06 10:44:22,052 [main] INFO com.orangehrm.testcases.Login - Using Dataprovider
2025-01-06 10:44:38,881 [main] INFO com.orangehrm.testcases.Login - INFO: Driver is closing.....
2025-01-06 10:44:39,234 [main] INFO com.orangehrm.testcases.Login - INFO: Settiing up driver properties....
2025-01-06 10:45:13,615 [main] INFO com.orangehrm.testcases.Login - INFO: Driver is closing.....
2025-01-06 10:45:13,946 [main] INFO com.orangehrm.testcases.Login - INFO: Settiing up driver properties....
2025-01-06 10:45:45,193 [main] INFO com.orangehrm.testcases.Login - INFO: Driver is closing.....
2025-01-06 10:45:45,523 [main] INFO com.orangehrm.testcases.Login - INFO: Settiing up driver properties....
2025-01-06 10:46:07,570 [main] INFO com.orangehrm.testcases.Login - INFO: Driver is closing.....
2025-01-06 11:31:03,591 [main] INFO com.orangehrm.testcases.Login - INFO: Settiing up driver properties....
2025-01-06 11:31:24,542 [main] INFO com.orangehrm.testcases.Login - INFO: Driver is closing.....
2025-01-06 11:31:26,047 [main] INFO com.orangehrm.testcases.Login - INFO: Settiing up driver properties....
2025-01-06 11:31:34,290 [main] INFO com.orangehrm.testcases.Login - Using Dataprovider
2025-01-06 11:31:36,863 [main] INFO com.orangehrm.testcases.Login - INFO: Driver is closing.....
2025-01-06 11:31:37,548 [main] INFO com.orangehrm.testcases.Login - INFO: Settiing up driver properties....
2025-01-06 11:31:46,465 [main] INFO com.orangehrm.testcases.Login - Using Dataprovider
2025-01-06 11:31:49,223 [main] INFO com.orangehrm.testcases.Login - INFO: Driver is closing.....
2025-01-06 11:31:49,860 [main] INFO com.orangehrm.testcases.Login - INFO: Settiing up driver properties....
2025-01-06 11:31:59,044 [main] INFO com.orangehrm.testcases.Login - Using Dataprovider
2025-01-06 11:32:02,447 [main] INFO com.orangehrm.testcases.Login - INFO: Driver is closing.....
2025-01-06 11:32:02,863 [main] INFO com.orangehrm.testcases.Login - INFO: Settiing up driver properties....
2025-01-06 11:32:13,646 [main] INFO com.orangehrm.testcases.Login - INFO: Driver is closing.....
2025-01-06 11:32:14,269 [main] INFO com.orangehrm.testcases.Login - INFO: Settiing up driver properties....
2025-01-06 11:32:24,340 [main] INFO com.orangehrm.testcases.Login - INFO: Driver is closing.....
2025-01-06 11:32:25,010 [main] INFO com.orangehrm.testcases.Login - INFO: Settiing up driver properties....
2025-01-06 11:32:30,405 [main] INFO com.orangehrm.testcases.Login - INFO: Driver is closing.....
2025-01-08 14:29:49,361 [main] INFO com.orangehrm.testcases.Login - INFO: Settiing up driver properties....
2025-01-08 14:29:57,146 [main] INFO com.orangehrm.testcases.Login - clicking on PIM option
2025-01-08 14:32:51,001 [main] INFO com.orangehrm.testcases.Login - INFO: Settiing up driver properties....
2025-01-08 14:32:55,463 [main] INFO com.orangehrm.testcases.Login - clicking on PIM option
2025-01-08 14:35:54,276 [main] INFO com.orangehrm.testcases.Login - INFO: Settiing up driver properties....
2025-01-08 14:35:59,946 [main] INFO com.orangehrm.testcases.Login - clicking on PIM option
2025-01-08 14:36:04,378 [main] INFO com.orangehrm.testcases.Login - INFO: Driver is closing.....
2025-01-08 15:02:30,544 [main] INFO com.orangehrm.testcases.Login - INFO: Settiing up driver properties....
2025-01-08 15:02:37,379 [main] INFO com.orangehrm.testcases.Login - clicking on PIM option
2025-01-08 15:02:49,453 [main] INFO com.orangehrm.testcases.Login - INFO: Driver is closing.....
2025-01-08 15:06:14,611 [main] INFO com.orangehrm.testcases.Login - INFO: Settiing up driver properties....
2025-01-08 15:06:26,631 [main] INFO com.orangehrm.testcases.Login - clicking on PIM option
2025-01-08 15:06:28,783 [main] INFO com.orangehrm.testcases.Login - INFO: Driver is closing.....
2025-01-08 15:07:36,249 [main] INFO com.orangehrm.testcases.Login - INFO: Settiing up driver properties....
2025-01-08 15:07:41,325 [main] INFO com.orangehrm.testcases.Login - clicking on PIM option
2025-01-08 15:07:44,813 [main] INFO com.orangehrm.testcases.Login - INFO: Driver is closing.....
2025-01-08 15:08:27,260 [main] INFO com.orangehrm.testcases.Login - INFO: Settiing up driver properties....
2025-01-08 15:08:32,146 [main] INFO com.orangehrm.testcases.Login - clicking on PIM option
2025-01-08 15:08:35,541 [main] INFO com.orangehrm.testcases.Login - INFO: Driver is closing.....
2025-01-08 15:12:38,802 [main] INFO com.orangehrm.testcases.Login - INFO: Settiing up driver properties....
2025-01-08 15:13:32,708 [main] INFO com.orangehrm.testcases.Login - INFO: Settiing up driver properties....
2025-01-08 15:13:37,612 [main] INFO com.orangehrm.testcases.Login - clicking on PIM option
2025-01-08 15:13:41,101 [main] INFO com.orangehrm.testcases.Login - INFO: Driver is closing.....
2025-01-08 15:14:10,188 [main] INFO com.orangehrm.testcases.Login - INFO: Settiing up driver properties....
2025-01-08 15:14:16,441 [main] INFO com.orangehrm.testcases.Login - clicking on PIM option
2025-01-08 15:14:18,613 [main] INFO com.orangehrm.testcases.Login - INFO: Driver is closing.....
2025-01-08 15:14:56,836 [main] INFO com.orangehrm.testcases.Login - INFO: Settiing up driver properties....
2025-01-08 15:15:01,763 [main] INFO com.orangehrm.testcases.Login - clicking on PIM option
2025-01-08 15:15:05,173 [main] INFO com.orangehrm.testcases.Login - INFO: Driver is closing.....
2025-01-08 15:15:18,377 [main] INFO com.orangehrm.testcases.Login - INFO: Settiing up driver properties....
2025-01-08 15:15:23,473 [main] INFO com.orangehrm.testcases.Login - clicking on PIM option
2025-01-08 15:15:27,407 [main] INFO com.orangehrm.testcases.Login - INFO: Driver is closing.....
2025-01-08 15:16:14,790 [main] INFO com.orangehrm.testcases.Login - INFO: Settiing up driver properties....
2025-01-08 15:16:21,020 [main] INFO com.orangehrm.testcases.Login - clicking on PIM option
2025-01-08 15:16:28,246 [main] INFO com.orangehrm.testcases.Login - INFO: Driver is closing.....
2025-01-08 15:28:40,670 [main] INFO com.orangehrm.testcases.Login - INFO: Settiing up driver properties....
2025-01-08 15:28:46,204 [main] INFO com.orangehrm.testcases.Login - clicking on PIM option
2025-01-08 15:28:53,070 [main] INFO com.orangehrm.testcases.Login - INFO: Driver is closing.....
2025-01-08 15:30:46,963 [main] INFO com.orangehrm.testcases.Login - INFO: Settiing up driver properties....
2025-01-08 15:30:53,693 [main] INFO com.orangehrm.testcases.Login - clicking on PIM option
2025-01-08 15:30:56,581 [main] INFO com.orangehrm.testcases.Login - INFO: Driver is closing.....
2025-01-11 11:18:09,497 [main] INFO com.orangehrm.testcases.Login - INFO: Settiing up driver properties....
2025-01-11 11:18:18,717 [main] INFO com.orangehrm.testcases.Login - clicking on PIM option
2025-01-11 11:18:23,292 [main] INFO com.orangehrm.testcases.Login - INFO: Driver is closing.....
2025-01-11 11:59:39,934 [main] INFO com.orangehrm.testcases.Login - INFO: Settiing up driver properties....
2025-01-11 11:59:53,648 [main] INFO com.orangehrm.testcases.Login - clicking on PIM option
2025-01-11 11:59:56,067 [main] INFO com.orangehrm.testcases.Login - INFO: Driver is closing.....
2025-01-11 12:00:26,044 [main] INFO com.orangehrm.testcases.Login - INFO: Settiing up driver properties....
2025-01-11 12:00:35,426 [main] INFO com.orangehrm.testcases.Login - clicking on PIM option
2025-01-11 12:00:41,584 [main] INFO com.orangehrm.testcases.Login - INFO: Driver is closing.....
2025-01-11 12:07:57,072 [main] INFO com.orangehrm.testcases.Login - INFO: Settiing up driver properties....
2025-01-11 12:08:08,103 [main] INFO com.orangehrm.testcases.Login - clicking on PIM option
2025-01-11 12:08:15,750 [main] INFO com.orangehrm.testcases.Login - INFO: Driver is closing.....
2025-01-11 12:09:07,486 [main] INFO com.orangehrm.testcases.Login - INFO: Settiing up driver properties....
2025-01-11 12:09:15,678 [main] INFO com.orangehrm.testcases.Login - clicking on PIM option
2025-01-11 12:09:20,404 [main] INFO com.orangehrm.testcases.Login - INFO: Driver is closing.....
2025-01-11 12:11:47,913 [main] INFO com.orangehrm.testcases.Login - INFO: Settiing up driver properties....
2025-01-11 12:11:54,950 [main] INFO com.orangehrm.testcases.Login - clicking on PIM option
2025-01-11 12:12:02,696 [main] INFO com.orangehrm.testcases.Login - INFO: Driver is closing.....
2025-01-11 12:12:33,915 [main] INFO com.orangehrm.testcases.Login - INFO: Settiing up driver properties....
2025-01-11 12:12:42,318 [main] INFO com.orangehrm.testcases.Login - clicking on PIM option
2025-01-11 12:12:55,793 [main] INFO com.orangehrm.testcases.Login - INFO: Driver is closing.....
2025-01-11 12:14:56,733 [main] INFO com.orangehrm.testcases.Login - INFO: Settiing up driver properties....
2025-01-11 12:15:07,313 [main] INFO com.orangehrm.testcases.Login - clicking on PIM option
2025-01-11 12:15:21,061 [main] INFO com.orangehrm.testcases.Login - INFO: Driver is closing.....
2025-01-11 12:18:48,983 [main] INFO com.orangehrm.testcases.Login - INFO: Settiing up driver properties....
2025-01-11 12:18:59,561 [main] INFO com.orangehrm.testcases.Login - clicking on PIM option
2025-01-11 12:19:43,282 [main] INFO com.orangehrm.testcases.Login - INFO: Driver is closing.....
2025-01-11 12:35:22,971 [main] INFO com.orangehrm.testcases.Login - INFO: Settiing up driver properties....
2025-01-11 12:35:35,854 [main] INFO com.orangehrm.testcases.Login - clicking on PIM option
2025-01-11 12:36:18,261 [main] INFO com.orangehrm.testcases.Login - INFO: Driver is closing.....
2025-01-11 12:41:59,286 [main] INFO com.orangehrm.testcases.Login - INFO: Settiing up driver properties....
2025-01-11 12:42:08,236 [main] INFO com.orangehrm.testcases.Login - clicking on PIM option
2025-01-11 12:43:22,012 [main] INFO com.orangehrm.testcases.Login - INFO: Driver is closing.....
2025-01-11 12:44:58,417 [main] INFO com.orangehrm.testcases.Login - INFO: Settiing up driver properties....
2025-01-11 12:45:09,284 [main] INFO com.orangehrm.testcases.Login - clicking on PIM option
2025-01-11 12:45:36,420 [main] INFO com.orangehrm.testcases.Login - INFO: Driver is closing.....
2025-01-11 12:46:34,159 [main] INFO com.orangehrm.testcases.Login - INFO: Settiing up driver properties....
2025-01-11 12:46:47,590 [main] INFO com.orangehrm.testcases.Login - clicking on PIM option
2025-01-11 12:47:26,116 [main] INFO com.orangehrm.testcases.Login - INFO: Driver is closing.....
2025-01-11 12:49:56,358 [main] INFO com.orangehrm.testcases.Login - INFO: Settiing up driver properties....
2025-01-11 12:50:03,895 [main] INFO com.orangehrm.testcases.Login - clicking on PIM option
2025-01-11 12:50:42,590 [main] INFO com.orangehrm.testcases.Login - INFO: Driver is closing.....
2025-01-11 12:52:46,399 [main] INFO com.orangehrm.testcases.Login - INFO: Settiing up driver properties....
2025-01-11 12:52:52,278 [main] INFO com.orangehrm.testcases.Login - clicking on PIM option
2025-01-11 12:53:31,017 [main] INFO com.orangehrm.testcases.Login - INFO: Driver is closing.....
2025-01-11 16:06:59,504 [main] INFO com.orangehrm.testcases.Login - INFO: Settiing up driver properties....
2025-01-11 16:07:06,722 [main] INFO com.orangehrm.testcases.Login - clicking on PIM option
2025-01-11 16:07:43,588 [main] INFO com.orangehrm.testcases.Login - INFO: Driver is closing.....
2025-01-11 16:24:01,786 [main] INFO com.orangehrm.testcases.Login - INFO: Settiing up driver properties....
2025-01-11 16:24:08,374 [main] INFO com.orangehrm.testcases.Login - clicking on PIM option
2025-01-11 16:24:14,993 [main] INFO com.orangehrm.testcases.Login - INFO: Driver is closing.....
2025-01-11 16:24:46,364 [main] INFO com.orangehrm.testcases.Login - INFO: Settiing up driver properties....
2025-01-11 16:24:51,234 [main] INFO com.orangehrm.testcases.Login - clicking on PIM option
2025-01-11 16:25:09,473 [main] INFO com.orangehrm.testcases.Login - INFO: Driver is closing.....
2025-01-11 16:27:25,435 [main] INFO com.orangehrm.testcases.Login - INFO: Settiing up driver properties....
2025-01-11 16:27:31,770 [main] INFO com.orangehrm.testcases.Login - clicking on PIM option
2025-01-11 16:27:48,680 [main] INFO com.orangehrm.testcases.Login - INFO: Driver is closing.....
2025-01-11 16:29:35,046 [main] INFO com.orangehrm.testcases.Login - INFO: Settiing up driver properties....
2025-01-11 16:29:41,458 [main] INFO com.orangehrm.testcases.Login - clicking on PIM option
2025-01-11 16:30:22,521 [main] INFO com.orangehrm.testcases.Login - INFO: Driver is closing.....
2025-01-11 16:41:16,677 [main] INFO com.orangehrm.testcases.Login - INFO: Settiing up driver properties....
2025-01-11 16:41:21,954 [main] INFO com.orangehrm.testcases.Login - clicking on PIM option
2025-01-11 16:42:04,264 [main] INFO com.orangehrm.testcases.Login - INFO: Driver is closing.....
2025-01-11 16:43:11,381 [main] INFO com.orangehrm.testcases.Login - INFO: Settiing up driver properties....
2025-01-11 16:43:17,563 [main] INFO com.orangehrm.testcases.Login - clicking on PIM option
2025-01-11 16:43:20,055 [main] INFO com.orangehrm.testcases.Login - INFO: Driver is closing.....
2025-01-11 16:43:47,372 [main] INFO com.orangehrm.testcases.Login - INFO: Settiing up driver properties....
2025-01-11 16:43:52,278 [main] INFO com.orangehrm.testcases.Login - clicking on PIM option
2025-01-11 16:43:59,942 [main] INFO com.orangehrm.testcases.Login - INFO: Driver is closing.....
2025-01-11 16:45:07,895 [main] INFO com.orangehrm.testcases.Login - INFO: Settiing up driver properties....
2025-01-11 16:45:13,957 [main] INFO com.orangehrm.testcases.Login - clicking on PIM option
2025-01-11 16:45:26,290 [main] INFO com.orangehrm.testcases.Login - INFO: Driver is closing.....
2025-01-11 16:45:40,197 [main] INFO com.orangehrm.testcases.Login - INFO: Settiing up driver properties....
2025-01-11 16:45:46,550 [main] INFO com.orangehrm.testcases.Login - clicking on PIM option
2025-01-11 16:46:14,038 [main] INFO com.orangehrm.testcases.Login - INFO: Driver is closing.....
2025-01-11 18:06:09,708 [main] INFO com.orangehrm.testcases.Login - INFO: Settiing up driver properties....
2025-01-11 18:06:16,335 [main] INFO com.orangehrm.testcases.Login - clicking on PIM option
2025-01-11 18:06:45,016 [main] INFO com.orangehrm.testcases.Login - INFO: Driver is closing.....
2025-01-11 18:12:54,493 [main] INFO com.orangehrm.testcases.Login - INFO: Settiing up driver properties....
2025-01-11 18:12:59,746 [main] INFO com.orangehrm.testcases.Login - clicking on PIM option
2025-01-11 18:13:28,528 [main] INFO com.orangehrm.testcases.Login - INFO: Driver is closing.....
